c:\users\hnist\desktop\code\day2_string\x64\debug\concrt140d.dll
c:\users\hnist\desktop\code\day2_string\x64\debug\msvcp140d.dll
c:\users\hnist\desktop\code\day2_string\x64\debug\msvcp140d_codecvt_ids.dll
c:\users\hnist\desktop\code\day2_string\x64\debug\msvcp140_1d.dll
c:\users\hnist\desktop\code\day2_string\x64\debug\msvcp140_2d.dll
c:\users\hnist\desktop\code\day2_string\x64\debug\vccorlib140d.dll
c:\users\hnist\desktop\code\day2_string\x64\debug\vcruntime140d.dll
c:\users\hnist\desktop\code\day2_string\x64\debug\vcruntime140_1d.dll
c:\users\hnist\desktop\code\day2_string\x64\debug\vcamp140d.dll
c:\users\hnist\desktop\code\day2_string\x64\debug\vcomp140d.dll
c:\users\hnist\desktop\code\day2_string\x64\debug\day2_string.exe
c:\users\hnist\desktop\code\day2_string\x64\debug\day2_string.ilk
c:\users\hnist\desktop\code\day2_string\x64\debug\day2_string.pdb
c:\users\hnist\desktop\code\day2_string\x64\debug\vc142.idb
c:\users\hnist\desktop\code\day2_string\x64\debug\vc142.pdb
c:\users\hnist\desktop\code\day2_string\x64\debug\day2_string.tlog\cl.command.1.tlog
c:\users\hnist\desktop\code\day2_string\x64\debug\day2_string.tlog\day2_string.read.1u.tlog
c:\users\hnist\desktop\code\day2_string\x64\debug\day2_string.tlog\day2_string.write.1u.tlog
c:\users\hnist\desktop\code\day2_string\x64\debug\day2_string.tlog\link.command.1.tlog
c:\users\hnist\desktop\code\day2_string\x64\debug\day2_string.tlog\link.read.1.tlog
c:\users\hnist\desktop\code\day2_string\x64\debug\day2_string.tlog\link.write.1.tlog
